Arguments: 
  C:\nodejs\node.exe C:\Users\bboye\AppData\Roaming\npm\node_modules\yarn\bin\yarn.js install

PATH: 
  C:\Program Files\Eclipse Adoptium\jdk-17.0.5.8-hotspot\bin;C:\Program Files\Common Files\Oracle\Java\javapath;C:\WINDOWS\system32;C:\WINDOWS;C:\WINDOWS\System32\Wbem;C:\WINDOWS\System32\WindowsPowerShell\v1.0\;C:\nodejs\;C:\Git\cmd;C:\Java\jdk-19\bin;C:\WINDOWS\System32\OpenSSH\;C:\Go\bin;C:\Users\bboye\AppData\Local\Programs\Python\Python310\Scripts\;C:\Users\bboye\AppData\Local\Programs\Python\Python310\;C:\Microsoft VS Code\bin;C:\Users\bboye\AppData\Roaming\npm;C:\Users\bboye\AppData\Local\Microsoft\WindowsApps;;C:\altera\13.1\modelsim_ase\win32aloem;C:\Users\bboye\go\bin;C:\Nmap;C:\heroku\bin

Yarn version: 
  1.22.19

Node version: 
  16.17.0

Platform: 
  win32 x64

Trace: 
  Error: https://registry.yarnpkg.com/@expo/cli/-/cli-0.3.3.tgz: ESOCKETTIMEDOUT
      at ClientRequest.<anonymous> (C:\Users\bboye\AppData\Roaming\npm\node_modules\yarn\lib\cli.js:141517:19)
      at Object.onceWrapper (node:events:627:28)
      at ClientRequest.emit (node:events:513:28)
      at TLSSocket.emitRequestTimeout (node:_http_client:814:9)
      at Object.onceWrapper (node:events:627:28)
      at TLSSocket.emit (node:events:525:35)
      at TLSSocket.Socket._onTimeout (node:net:526:8)
      at listOnTimeout (node:internal/timers:559:17)
      at processTimers (node:internal/timers:502:7)

npm manifest: 
  {
    "main": "node_modules/expo/AppEntry.js",
    "scripts": {
      "start": "expo start",
      "android": "expo start --android",
      "ios": "expo start --ios",
      "web": "expo start --web"
    },
    "dependencies": {
      "expo": "~46.0.19",
      "expo-status-bar": "~1.4.0",
      "react": "18.0.0",
      "react-native": "0.69.6",
      "react-is": "^16.8.0",
      "expo-checkbox": "~2.2.0",
      "expo-constants": "~13.2.4",
      "styled-components": "*",
      "@expo/vector-icons": "^13.0.0",
      "react-native-paper": "4.9.2",
      "react-native-screens": "~3.15.0",
      "@react-navigation/native": "*",
      "@react-navigation/bottom-tabs": "*",
      "@react-navigation/native-stack": "*",
      "react-native-safe-area-context": "4.3.1"
    },
    "devDependencies": {
      "@babel/core": "^7.12.9"
    },
    "private": true
  }

yarn manifest: 
  No manifest

Lockfile: 
  No lockfile
